2024-07-29 18:08:58,439 - app.rabbit_client.push_notifications - ERROR - Failed to send push notifications: object list can't be used in 'await' expression
2024-07-29 18:08:58,985 - app.rabbit_client.push_notifications - ERROR - Failed to send push notifications: object list can't be used in 'await' expression
2024-07-29 18:08:59,536 - app.rabbit_client.push_notifications - ERROR - Failed to send push notifications: object list can't be used in 'await' expression
2024-07-29 18:09:00,082 - app.rabbit_client.push_notifications - ERROR - Failed to send push notifications: object list can't be used in 'await' expression
2024-07-29 18:09:00,647 - app.rabbit_client.push_notifications - ERROR - Failed to send push notifications: object list can't be used in 'await' expression
2024-07-29 18:09:01,225 - app.rabbit_client.push_notifications - ERROR - Failed to send push notifications: object list can't be used in 'await' expression
2024-07-29 18:09:01,768 - app.rabbit_client.push_notifications - ERROR - Failed to send push notifications: object list can't be used in 'await' expression
2024-07-29 18:09:02,347 - app.rabbit_client.push_notifications - ERROR - Failed to send push notifications: object list can't be used in 'await' expression
2024-07-29 18:09:02,899 - app.rabbit_client.push_notifications - ERROR - Failed to send push notifications: object list can't be used in 'await' expression
2024-07-29 18:09:35,370 - app.rabbit_client.push_notifications - ERROR - Failed to send push notifications: object list can't be used in 'await' expression
2024-07-29 20:44:36,505 - app.rabbit_client.message_processing - ERROR - Failed to handle team push notification: 'RabbitClient' object has no attribute 'expo'
2024-07-29 20:50:14,580 - app.rabbit_client.push_notifications - ERROR - Failed to send chunk of push notifications: 400, message='Bad Request', url=URL('https://exp.host/--/api/v2/push/send')
2024-07-29 20:52:20,058 - app.rabbit_client.push_notifications - ERROR - Failed to send chunk 1 of push notifications: 400, message='Bad Request', url=URL('https://exp.host/--/api/v2/push/send')
2024-07-29 20:52:20,059 - app.rabbit_client.push_notifications - ERROR - Chunk content: [{'to': 'ExponentPushToken[YKtiWPPmBhb9RDz620XScg]', 'title': 'Team Meeting Announcement', 'body': 'A new team event has occurred', 'data': {'event_id': None, 'team_id': '66803b315f972429f5dcaa94'}, 'sound': 'default', 'ttl': 0, 'priority': 'default', 'badge': None, 'categoryId': None, 'channelId': None, 'mutableContent': False}]
2024-07-29 20:53:38,390 - app.rabbit_client.push_notifications - ERROR - Failed to send chunk 1 of push notifications: 400, message='Bad Request', url=URL('https://exp.host/--/api/v2/push/send')
2024-07-29 20:53:38,391 - app.rabbit_client.push_notifications - ERROR - Chunk content: [{'to': 'ExponentPushToken[YKtiWPPmBhb9RDz620XScg]', 'title': 'Team Meeting Announcement', 'body': 'A new team event has occurred', 'data': {'event_id': None, 'team_id': '66803b315f972429f5dcaa94'}, 'sound': 'default', 'ttl': 0, 'priority': 'default', 'badge': None, 'categoryId': None, 'channelId': None, 'mutableContent': False}]
2024-07-29 21:13:42,185 - app.rabbit_client.push_notifications - ERROR - Failed to send push notifications: object list can't be used in 'await' expression
2024-08-02 09:54:00,352 - app.celery_app.celery_tasks - ERROR - Bulk write error: {'writeErrors': [{'index': 0, 'code': 40, 'errmsg': "Updating the path 'total_game_events' would create a conflict at 'total_game_events'", 'op': SON([('q', {'_id': ObjectId('667882fd1b21c9bce6f072e6')}), ('u', {'$inc': {'total_game_events': 3, 'present_game_events': 0}, '$set': {'last_update': datetime.datetime(2024, 8, 2, 9, 54, 0, 51623)}, '$max': {'total_game_events': 0, 'present_game_events': 0}, '$setOnInsert': {'game_attendance_ratio': 0, 'training_attendance_ratio': 0}}), ('multi', False), ('upsert', True)])}], 'writeConcernErrors': [], 'nInserted': 0, 'nUpserted': 0, 'nMatched': 0, 'nModified': 0, 'nRemoved': 0, 'upserted': []}
2024-08-02 09:55:00,344 - app.celery_app.celery_tasks - ERROR - Bulk write error: {'writeErrors': [{'index': 0, 'code': 40, 'errmsg': "Updating the path 'total_game_events' would create a conflict at 'total_game_events'", 'op': SON([('q', {'_id': ObjectId('667882fd1b21c9bce6f072e6')}), ('u', {'$inc': {'total_game_events': 15, 'present_game_events': 7}, '$set': {'last_update': datetime.datetime(2024, 8, 2, 9, 55, 0, 46583)}, '$max': {'total_game_events': 0, 'present_game_events': 0}, '$setOnInsert': {'game_attendance_ratio': 0, 'training_attendance_ratio': 0}}), ('multi', False), ('upsert', True)])}], 'writeConcernErrors': [], 'nInserted': 0, 'nUpserted': 0, 'nMatched': 0, 'nModified': 0, 'nRemoved': 0, 'upserted': []}
2024-08-02 09:56:01,653 - app.celery_app.celery_tasks - ERROR - Bulk write error: {'writeErrors': [{'index': 0, 'code': 40, 'errmsg': "Updating the path 'total_game_events' would create a conflict at 'total_game_events'", 'op': SON([('q', {'_id': ObjectId('667882fd1b21c9bce6f072e6')}), ('u', {'$inc': {'total_game_events': 26, 'present_game_events': 12}, '$set': {'last_update': datetime.datetime(2024, 8, 2, 9, 56, 0, 18289)}, '$max': {'total_game_events': 0, 'present_game_events': 0}, '$setOnInsert': {'game_attendance_ratio': 0, 'training_attendance_ratio': 0}}), ('multi', False), ('upsert', True)])}], 'writeConcernErrors': [], 'nInserted': 0, 'nUpserted': 0, 'nMatched': 0, 'nModified': 0, 'nRemoved': 0, 'upserted': []}
2024-08-02 09:57:00,344 - app.celery_app.celery_tasks - ERROR - Bulk write error: {'writeErrors': [{'index': 0, 'code': 40, 'errmsg': "Updating the path 'total_game_events' would create a conflict at 'total_game_events'", 'op': SON([('q', {'_id': ObjectId('6680283d3297b5742a716a52')}), ('u', {'$inc': {'total_game_events': 6, 'present_game_events': 6}, '$set': {'last_update': datetime.datetime(2024, 8, 2, 9, 57, 0, 44239)}, '$max': {'total_game_events': 0, 'present_game_events': 0}, '$setOnInsert': {'game_attendance_ratio': 0, 'training_attendance_ratio': 0}}), ('multi', False), ('upsert', True)])}], 'writeConcernErrors': [], 'nInserted': 0, 'nUpserted': 0, 'nMatched': 0, 'nModified': 0, 'nRemoved': 0, 'upserted': []}
2024-08-02 09:58:00,357 - app.celery_app.celery_tasks - ERROR - Bulk write error: {'writeErrors': [{'index': 0, 'code': 40, 'errmsg': "Updating the path 'total_game_events' would create a conflict at 'total_game_events'", 'op': SON([('q', {'_id': ObjectId('6680283d3297b5742a716a52')}), ('u', {'$inc': {'total_game_events': 6, 'present_game_events': 6}, '$set': {'last_update': datetime.datetime(2024, 8, 2, 9, 58, 0, 52635)}, '$max': {'total_game_events': 0, 'present_game_events': 0}, '$setOnInsert': {'game_attendance_ratio': 0, 'training_attendance_ratio': 0}}), ('multi', False), ('upsert', True)])}], 'writeConcernErrors': [], 'nInserted': 0, 'nUpserted': 0, 'nMatched': 0, 'nModified': 0, 'nRemoved': 0, 'upserted': []}
2024-08-02 09:59:00,345 - app.celery_app.celery_tasks - ERROR - Bulk write error: {'writeErrors': [{'index': 0, 'code': 40, 'errmsg': "Updating the path 'total_game_events' would create a conflict at 'total_game_events'", 'op': SON([('q', {'_id': ObjectId('6680283d3297b5742a716a52')}), ('u', {'$inc': {'total_game_events': 6, 'present_game_events': 6}, '$set': {'last_update': datetime.datetime(2024, 8, 2, 9, 59, 0, 43568)}, '$max': {'total_game_events': 0, 'present_game_events': 0}, '$setOnInsert': {'game_attendance_ratio': 0, 'training_attendance_ratio': 0}}), ('multi', False), ('upsert', True)])}], 'writeConcernErrors': [], 'nInserted': 0, 'nUpserted': 0, 'nMatched': 0, 'nModified': 0, 'nRemoved': 0, 'upserted': []}
2024-08-02 10:00:00,320 - app.celery_app.celery_tasks - ERROR - Bulk write error: {'writeErrors': [{'index': 0, 'code': 40, 'errmsg': "Updating the path 'total_game_events' would create a conflict at 'total_game_events'", 'op': SON([('q', {'_id': ObjectId('6680283d3297b5742a716a52')}), ('u', {'$inc': {'total_game_events': 6, 'present_game_events': 6}, '$set': {'last_update': datetime.datetime(2024, 8, 2, 10, 0, 0, 20486)}, '$max': {'total_game_events': 0, 'present_game_events': 0}, '$setOnInsert': {'game_attendance_ratio': 0, 'training_attendance_ratio': 0}}), ('multi', False), ('upsert', True)])}], 'writeConcernErrors': [], 'nInserted': 0, 'nUpserted': 0, 'nMatched': 0, 'nModified': 0, 'nRemoved': 0, 'upserted': []}
2024-08-02 10:01:00,353 - app.celery_app.celery_tasks - ERROR - Bulk write error: {'writeErrors': [{'index': 0, 'code': 40, 'errmsg': "Updating the path 'total_game_events' would create a conflict at 'total_game_events'", 'op': SON([('q', {'_id': ObjectId('6680283d3297b5742a716a52')}), ('u', {'$inc': {'total_game_events': 6, 'present_game_events': 6}, '$set': {'last_update': datetime.datetime(2024, 8, 2, 10, 1, 0, 53210)}, '$max': {'total_game_events': 0, 'present_game_events': 0}, '$setOnInsert': {'game_attendance_ratio': 0, 'training_attendance_ratio': 0}}), ('multi', False), ('upsert', True)])}], 'writeConcernErrors': [], 'nInserted': 0, 'nUpserted': 0, 'nMatched': 0, 'nModified': 0, 'nRemoved': 0, 'upserted': []}
2024-08-02 10:02:00,360 - app.celery_app.celery_tasks - ERROR - Bulk write error: {'writeErrors': [{'index': 0, 'code': 40, 'errmsg': "Updating the path 'total_game_events' would create a conflict at 'total_game_events'", 'op': SON([('q', {'_id': ObjectId('6680283d3297b5742a716a52')}), ('u', {'$inc': {'total_game_events': 6, 'present_game_events': 6}, '$set': {'last_update': datetime.datetime(2024, 8, 2, 10, 2, 0, 55268)}, '$max': {'total_game_events': 0, 'present_game_events': 0}, '$setOnInsert': {'game_attendance_ratio': 0, 'training_attendance_ratio': 0}}), ('multi', False), ('upsert', True)])}], 'writeConcernErrors': [], 'nInserted': 0, 'nUpserted': 0, 'nMatched': 0, 'nModified': 0, 'nRemoved': 0, 'upserted': []}
2024-08-02 10:03:00,354 - app.celery_app.celery_tasks - ERROR - Bulk write error: {'writeErrors': [{'index': 0, 'code': 40, 'errmsg': "Updating the path 'total_game_events' would create a conflict at 'total_game_events'", 'op': SON([('q', {'_id': ObjectId('6680283d3297b5742a716a52')}), ('u', {'$inc': {'total_game_events': 6, 'present_game_events': 6}, '$set': {'last_update': datetime.datetime(2024, 8, 2, 10, 3, 0, 52800)}, '$max': {'total_game_events': 0, 'present_game_events': 0}, '$setOnInsert': {'game_attendance_ratio': 0, 'training_attendance_ratio': 0}}), ('multi', False), ('upsert', True)])}], 'writeConcernErrors': [], 'nInserted': 0, 'nUpserted': 0, 'nMatched': 0, 'nModified': 0, 'nRemoved': 0, 'upserted': []}
2024-08-02 10:04:00,352 - app.celery_app.celery_tasks - ERROR - Bulk write error: {'writeErrors': [{'index': 0, 'code': 40, 'errmsg': "Updating the path 'total_game_events' would create a conflict at 'total_game_events'", 'op': SON([('q', {'_id': ObjectId('667882fd1b21c9bce6f072e6')}), ('u', {'$inc': {'total_game_events': 7, 'present_game_events': 7}, '$set': {'last_update': datetime.datetime(2024, 8, 2, 10, 4, 0, 52436)}, '$max': {'total_game_events': 0, 'present_game_events': 0}, '$setOnInsert': {'game_attendance_ratio': 0, 'training_attendance_ratio': 0}}), ('multi', False), ('upsert', True)])}], 'writeConcernErrors': [], 'nInserted': 0, 'nUpserted': 0, 'nMatched': 0, 'nModified': 0, 'nRemoved': 0, 'upserted': []}
2024-08-02 10:05:00,340 - app.celery_app.celery_tasks - ERROR - Bulk write error: {'writeErrors': [{'index': 0, 'code': 40, 'errmsg': "Updating the path 'total_game_events' would create a conflict at 'total_game_events'", 'op': SON([('q', {'_id': ObjectId('667882fd1b21c9bce6f072e6')}), ('u', {'$inc': {'total_game_events': 7, 'present_game_events': 7}, '$set': {'last_update': datetime.datetime(2024, 8, 2, 10, 5, 0, 36339)}, '$max': {'total_game_events': 0, 'present_game_events': 0}, '$setOnInsert': {'game_attendance_ratio': 0, 'training_attendance_ratio': 0}}), ('multi', False), ('upsert', True)])}], 'writeConcernErrors': [], 'nInserted': 0, 'nUpserted': 0, 'nMatched': 0, 'nModified': 0, 'nRemoved': 0, 'upserted': []}
2024-08-02 10:06:00,339 - app.celery_app.celery_tasks - ERROR - Bulk write error: {'writeErrors': [{'index': 0, 'code': 40, 'errmsg': "Updating the path 'total_game_events' would create a conflict at 'total_game_events'", 'op': SON([('q', {'_id': ObjectId('667882fd1b21c9bce6f072e6')}), ('u', {'$inc': {'total_game_events': 7, 'present_game_events': 7}, '$set': {'last_update': datetime.datetime(2024, 8, 2, 10, 6, 0, 39763)}, '$max': {'total_game_events': 0, 'present_game_events': 0}, '$setOnInsert': {'game_attendance_ratio': 0, 'training_attendance_ratio': 0}}), ('multi', False), ('upsert', True)])}], 'writeConcernErrors': [], 'nInserted': 0, 'nUpserted': 0, 'nMatched': 0, 'nModified': 0, 'nRemoved': 0, 'upserted': []}
2024-08-02 10:07:00,358 - app.celery_app.celery_tasks - ERROR - Bulk write error: {'writeErrors': [{'index': 0, 'code': 40, 'errmsg': "Updating the path 'total_game_events' would create a conflict at 'total_game_events'", 'op': SON([('q', {'_id': ObjectId('667882fd1b21c9bce6f072e6')}), ('u', {'$inc': {'total_game_events': 7, 'present_game_events': 7}, '$set': {'last_update': datetime.datetime(2024, 8, 2, 10, 7, 0, 53549)}, '$max': {'total_game_events': 0, 'present_game_events': 0}, '$setOnInsert': {'game_attendance_ratio': 0, 'training_attendance_ratio': 0}}), ('multi', False), ('upsert', True)])}], 'writeConcernErrors': [], 'nInserted': 0, 'nUpserted': 0, 'nMatched': 0, 'nModified': 0, 'nRemoved': 0, 'upserted': []}
2024-08-02 10:08:00,352 - app.celery_app.celery_tasks - ERROR - Bulk write error: {'writeErrors': [{'index': 0, 'code': 40, 'errmsg': "Updating the path 'total_game_events' would create a conflict at 'total_game_events'", 'op': SON([('q', {'_id': ObjectId('667882fd1b21c9bce6f072e6')}), ('u', {'$inc': {'total_game_events': 7, 'present_game_events': 7}, '$set': {'last_update': datetime.datetime(2024, 8, 2, 10, 8, 0, 52155)}, '$max': {'total_game_events': 0, 'present_game_events': 0}, '$setOnInsert': {'game_attendance_ratio': 0, 'training_attendance_ratio': 0}}), ('multi', False), ('upsert', True)])}], 'writeConcernErrors': [], 'nInserted': 0, 'nUpserted': 0, 'nMatched': 0, 'nModified': 0, 'nRemoved': 0, 'upserted': []}
2024-08-02 10:09:00,365 - app.celery_app.celery_tasks - ERROR - Bulk write error: {'writeErrors': [{'index': 0, 'code': 40, 'errmsg': "Updating the path 'total_game_events' would create a conflict at 'total_game_events'", 'op': SON([('q', {'_id': ObjectId('667882fd1b21c9bce6f072e6')}), ('u', {'$inc': {'total_game_events': 7, 'present_game_events': 7}, '$set': {'last_update': datetime.datetime(2024, 8, 2, 10, 9, 0, 61444)}, '$max': {'total_game_events': 0, 'present_game_events': 0}, '$setOnInsert': {'game_attendance_ratio': 0, 'training_attendance_ratio': 0}}), ('multi', False), ('upsert', True)])}], 'writeConcernErrors': [], 'nInserted': 0, 'nUpserted': 0, 'nMatched': 0, 'nModified': 0, 'nRemoved': 0, 'upserted': []}
2024-08-02 10:10:00,346 - app.celery_app.celery_tasks - ERROR - Bulk write error: {'writeErrors': [{'index': 0, 'code': 40, 'errmsg': "Updating the path 'total_game_events' would create a conflict at 'total_game_events'", 'op': SON([('q', {'_id': ObjectId('667882fd1b21c9bce6f072e6')}), ('u', {'$inc': {'total_game_events': 7, 'present_game_events': 7}, '$set': {'last_update': datetime.datetime(2024, 8, 2, 10, 10, 0, 45240)}, '$max': {'total_game_events': 0, 'present_game_events': 0}, '$setOnInsert': {'game_attendance_ratio': 0, 'training_attendance_ratio': 0}}), ('multi', False), ('upsert', True)])}], 'writeConcernErrors': [], 'nInserted': 0, 'nUpserted': 0, 'nMatched': 0, 'nModified': 0, 'nRemoved': 0, 'upserted': []}
2024-08-03 16:23:45,845 - app.rabbit_client.message_processing - ERROR - Failed to handle team push notification: 'NoneType' object has no attribute 'get_team_player_tokens'
2024-08-03 16:47:04,848 - app.rabbit_client.message_processing - ERROR - Failed to handle team push notification: 'NoneType' object has no attribute 'get_team_player_tokens'
2024-08-03 17:04:51,188 - app.rabbit_client.message_processing - ERROR - Failed to handle team push notification: 'NoneType' object has no attribute 'get_team_player_tokens'
2024-08-03 17:07:13,852 - app.rabbit_client.message_processing - ERROR - Failed to handle team push notification: 'NoneType' object has no attribute 'get_team_player_tokens'
2024-08-03 17:08:30,983 - app.rabbit_client.message_processing - ERROR - Failed to handle team push notification: 'NoneType' object has no attribute 'get_team_player_tokens'
2024-08-03 17:09:13,241 - app.rabbit_client.message_processing - ERROR - Failed to handle team push notification: 'NoneType' object has no attribute 'get_team_player_tokens'
2024-08-03 17:10:55,679 - app.rabbit_client.message_processing - ERROR - Failed to handle team push notification: 'NoneType' object has no attribute 'get_team_player_tokens'
2024-08-03 17:12:26,281 - app.rabbit_client.message_processing - ERROR - Failed to handle team push notification: 'NoneType' object has no attribute 'get_team_player_tokens'
2024-08-03 17:21:06,071 - app.rabbit_client.message_processing - ERROR - Failed to handle team push notification: 'NoneType' object has no attribute 'get_team_player_tokens'
2024-08-03 17:21:42,078 - app.rabbit_client.message_processing - ERROR - Failed to handle team push notification: 'NoneType' object has no attribute 'get_team_player_tokens'
2024-08-03 17:22:28,985 - app.rabbit_client.message_processing - ERROR - Failed to handle team push notification: 'NoneType' object has no attribute 'get_team_player_tokens'
2024-08-03 17:24:13,414 - app.rabbit_client.message_processing - ERROR - Failed to handle team push notification: 'NoneType' object has no attribute 'get_team_player_tokens'
2024-08-03 17:24:27,456 - app.rabbit_client.message_processing - ERROR - Failed to handle team push notification: 'NoneType' object has no attribute 'get_team_player_tokens'
2024-08-03 17:28:49,350 - app.rabbit_client.message_processing - ERROR - Failed to handle team push notification: 'NoneType' object has no attribute 'get_team_player_tokens'
2024-08-03 17:32:17,527 - app.rabbit_client.message_processing - ERROR - Failed to handle team push notification: 'NoneType' object has no attribute 'get_team_player_tokens'
2024-08-03 17:33:07,814 - app.rabbit_client.message_processing - ERROR - Failed to handle team push notification: 'NoneType' object has no attribute 'get_team_player_tokens'
2024-08-03 17:35:12,143 - app.rabbit_client.message_processing - ERROR - Failed to handle team push notification: 'NoneType' object has no attribute 'get_team_player_tokens'
2024-08-03 17:37:25,995 - app.rabbit_client.message_processing - ERROR - Failed to handle team push notification: 'NoneType' object has no attribute 'get_team_player_tokens'
2024-08-03 17:45:26,387 - app.rabbit_client.message_processing - ERROR - Failed to handle team push notification: 'NoneType' object has no attribute 'get_team_player_tokens'
2024-08-03 17:48:31,959 - app.rabbit_client.message_processing - ERROR - Failed to handle team push notification: 'NoneType' object has no attribute 'get_team_player_tokens'
2024-08-03 17:49:12,889 - app.rabbit_client.message_processing - ERROR - Failed to handle team push notification: 'NoneType' object has no attribute 'get_team_player_tokens'
2024-08-03 17:50:25,595 - app.rabbit_client.message_processing - ERROR - Failed to handle team push notification: 'NoneType' object has no attribute 'get_team_player_tokens'
2024-08-03 18:02:44,789 - app.rabbit_client.message_processing - ERROR - Failed to handle team push notification: 'NoneType' object has no attribute 'get_team_player_tokens'
2024-08-03 18:03:48,244 - app.rabbit_client.message_processing - ERROR - Failed to handle team push notification: 'NoneType' object has no attribute 'get_team_player_tokens'
2024-08-03 18:04:16,841 - app.rabbit_client.message_processing - ERROR - Failed to handle team push notification: 'NoneType' object has no attribute 'get_team_player_tokens'
2024-08-03 18:06:21,811 - app.rabbit_client.message_processing - ERROR - Failed to handle team push notification: 'NoneType' object has no attribute 'get_team_player_tokens'
2024-08-03 18:07:39,295 - app.rabbit_client.message_processing - ERROR - Failed to handle team push notification: 'NoneType' object has no attribute 'get_team_player_tokens'
2024-08-03 18:08:28,405 - app.rabbit_client.message_processing - ERROR - Failed to handle team push notification: 'NoneType' object has no attribute 'get_team_player_tokens'
2024-08-03 18:12:47,402 - app.rabbit_client.message_processing - ERROR - Failed to handle team push notification: 'NoneType' object has no attribute 'get_team_player_tokens'
2024-08-03 18:14:25,899 - app.rabbit_client.message_processing - ERROR - Failed to handle team push notification: 'NoneType' object has no attribute 'get_team_player_tokens'
2024-08-03 18:15:37,224 - app.rabbit_client.message_processing - ERROR - Failed to handle team push notification: 'NoneType' object has no attribute 'get_team_player_tokens'
2024-08-03 18:17:32,595 - app.rabbit_client.message_processing - ERROR - Failed to handle team push notification: 'NoneType' object has no attribute 'get_team_player_tokens'
2024-08-03 18:19:31,178 - app.rabbit_client.message_processing - ERROR - Failed to handle team push notification: 'NoneType' object has no attribute 'get_team_player_tokens'
2024-08-03 18:20:44,071 - app.rabbit_client.message_processing - ERROR - Failed to handle team push notification: 'NoneType' object has no attribute 'get_team_player_tokens'
2024-08-03 18:24:53,305 - app.rabbit_client.message_processing - ERROR - Failed to handle team push notification: 'NoneType' object has no attribute 'get_team_player_tokens'
2024-08-03 18:26:19,488 - app.rabbit_client.message_processing - ERROR - Failed to handle team push notification: 'NoneType' object has no attribute 'get_team_player_tokens'
2024-08-03 18:27:02,329 - app.rabbit_client.message_processing - ERROR - Failed to handle team push notification: 'NoneType' object has no attribute 'get_team_player_tokens'
2024-08-03 18:29:11,313 - app.rabbit_client.message_processing - ERROR - Failed to handle team push notification: 'NoneType' object has no attribute 'get_team_player_tokens'
2024-08-03 18:31:05,757 - app.rabbit_client.message_processing - ERROR - Failed to handle team push notification: 'NoneType' object has no attribute 'get_team_player_tokens'
2024-08-03 18:35:27,308 - app.rabbit_client.message_processing - ERROR - Failed to handle team push notification: 'NoneType' object has no attribute 'get_team_player_tokens'
2024-08-03 18:37:43,369 - app.rabbit_client.message_processing - ERROR - Failed to handle team push notification: 'NoneType' object has no attribute 'get_team_player_tokens'
2024-08-03 18:41:05,129 - app.rabbit_client.message_processing - ERROR - Failed to handle team push notification: 'NoneType' object has no attribute 'get_team_player_tokens'
2024-08-03 18:48:09,531 - app.rabbit_client.message_processing - ERROR - Failed to handle team push notification: 'NoneType' object has no attribute 'get_team_player_tokens'
2024-08-08 18:05:49,951 - app.rabbit_client.message_processing - ERROR - Failed to handle team push notification: 'NoneType' object has no attribute 'get_team_player_tokens'
2024-08-08 18:06:33,378 - app.rabbit_client.message_processing - ERROR - Failed to handle team push notification: 'NoneType' object has no attribute 'get_team_player_tokens'
2024-08-08 18:08:16,844 - app.rabbit_client.message_processing - ERROR - Failed to handle team push notification: 'NoneType' object has no attribute 'get_team_player_tokens'
2024-08-08 18:10:08,928 - app.rabbit_client.message_processing - ERROR - Failed to handle team push notification: 'NoneType' object has no attribute 'get_team_player_tokens'
2024-08-08 18:11:41,612 - app.rabbit_client.message_processing - ERROR - Failed to handle team push notification: 'NoneType' object has no attribute 'get_team_player_tokens'
2024-08-08 18:12:53,669 - app.rabbit_client.message_processing - ERROR - Failed to handle team push notification: 'NoneType' object has no attribute 'get_team_player_tokens'
2024-08-08 18:15:57,071 - app.rabbit_client.message_processing - ERROR - Failed to handle team push notification: 'NoneType' object has no attribute 'get_team_player_tokens'
2024-08-08 18:17:20,285 - app.rabbit_client.message_processing - ERROR - Failed to handle team push notification: 'NoneType' object has no attribute 'get_team_player_tokens'
2024-08-08 18:25:27,315 - app.rabbit_client.message_processing - ERROR - Failed to handle team push notification: 'NoneType' object has no attribute 'get_team_player_tokens'
2024-08-08 18:26:05,960 - app.rabbit_client.message_processing - ERROR - Failed to handle team push notification: 'NoneType' object has no attribute 'get_team_player_tokens'
2024-08-08 18:28:45,203 - app.rabbit_client.message_processing - ERROR - Failed to handle team push notification: 'NoneType' object has no attribute 'get_team_player_tokens'
2024-08-08 21:26:01,552 - app.celery_app.celery_tasks - ERROR - Aggregation failed: Expression $cond takes exactly 3 arguments. 2 were passed in., full error: {'ok': 0.0, 'errmsg': 'Expression $cond takes exactly 3 arguments. 2 were passed in.', 'code': 16020, 'codeName': 'Location16020', '$clusterTime': {'clusterTime': Timestamp(1723152364, 6), 'signature': {'hash': b'\x89pmf\x8c\x1cV>\x8a\x80\x8ch\x89\xad\x9b@y\xe6H\xe4', 'keyId': 7359248688704651269}}, 'operationTime': Timestamp(1723152364, 6)}
2024-08-08 21:27:00,672 - app.celery_app.celery_tasks - ERROR - Aggregation failed: Expression $cond takes exactly 3 arguments. 2 were passed in., full error: {'ok': 0.0, 'errmsg': 'Expression $cond takes exactly 3 arguments. 2 were passed in.', 'code': 16020, 'codeName': 'Location16020', '$clusterTime': {'clusterTime': Timestamp(1723152424, 1), 'signature': {'hash': b'\xfbt\x96\xe1\x93\x7f\xbb\x80,\x17@\x06\x18\xf5?\xa4\xff\x028\xf4', 'keyId': 7359248688704651269}}, 'operationTime': Timestamp(1723152424, 1)}
2024-08-08 21:28:00,679 - app.celery_app.celery_tasks - ERROR - Aggregation failed: Expression $cond takes exactly 3 arguments. 2 were passed in., full error: {'ok': 0.0, 'errmsg': 'Expression $cond takes exactly 3 arguments. 2 were passed in.', 'code': 16020, 'codeName': 'Location16020', '$clusterTime': {'clusterTime': Timestamp(1723152484, 4), 'signature': {'hash': b'\xd8w\xe1m\xbc\xbcR\xe5A\xc0\xdd\xc0\x1ag\xf3\x93\xf3\x1d<-', 'keyId': 7359248688704651269}}, 'operationTime': Timestamp(1723152484, 4)}
2024-08-10 12:33:51,960 - app.rabbit_client.message_processing - ERROR - Failed to handle team push notification: 'NoneType' object has no attribute 'get_team_player_tokens'
2024-08-10 14:20:42,676 - app.rabbit_client.message_processing - ERROR - Failed to handle team push notification: 'NoneType' object has no attribute 'get_team_player_tokens'
